<?xml version="1.0" encoding="UTF-8"?>
<TestRun id="b13df218-7b1c-407a-8c94-749cbb56e5e1" name="elaurpe@E764315094C0B6 2014-04-13 15:23:32" runUser="ERICSSON\elaurpe" xmlns="http://microsoft.com/schemas/VisualStudio/TeamTest/2010">
  <TestSettings name="Local" id="8ac30af6-9b07-4904-8965-4ffa41c71d06">
    <Description>These are default test settings for a local test run.</Description>
    <Deployment enabled="false" runDeploymentRoot="elaurpe_E764315094C0B6 2014-04-13 15_23_32">
      <DeploymentItem filename="C:\Users\elaurpe\Documents\Visual Studio 2010\Projects\MultiplesOf3and5\EulerProject\bin\Debug\EulerProject.dll" />
    </Deployment>
    <Execution>
      <TestTypeSpecific />
      <AgentRule name="Execution Agents">
      </AgentRule>
    </Execution>
  </TestSettings>
  <Times creation="2014-04-13T15:23:32.1277766-07:00" queuing="2014-04-13T15:23:32.5217992-07:00" start="2014-04-13T15:23:32.5598013-07:00" finish="2014-04-13T15:23:33.0598299-07:00" />
  <ResultSummary outcome="Failed">
    <Counters total="1" executed="1" error="0" failed="1" timeout="0" aborted="0" inconclusive="0" passedButRunAborted="0" notRunnable="0" notExecuted="0" disconnected="0" warning="0" passed="0" completed="0" inProgress="0" pending="0" />
  </ResultSummary>
  <TestDefinitions>
    <UnitTest name="TestMethod1" storage="c:\users\elaurpe\documents\visual studio 2010\projects\multiplesof3and5\eulerprojecttest\bin\debug\eulerprojecttest.dll" id="e85dde74-2ee6-fdd9-a05f-d533e9cb09c1">
      <Execution id="8eab0efe-bb3d-495e-91be-a639bf1fa0c5" />
      <TestMethod codeBase="C:/Users/elaurpe/Documents/Visual Studio 2010/Projects/MultiplesOf3and5/EulerProjectTest/bin/Debug/EulerProjectTest.DLL" adapterTypeName="Microsoft.VisualStudio.TestTools.TestTypes.Unit.UnitTestAdapter, Microsoft.VisualStudio.QualityTools.Tips.UnitTest.Adapter, Version=10.0.0.0, Culture=neutral, PublicKeyToken=b03f5f7f11d50a3a" className="EulerProjectTest.Problem2Test, EulerProjectTest, Version=1.0.0.0, Culture=neutral, PublicKeyToken=null" name="TestMethod1" />
    </UnitTest>
  </TestDefinitions>
  <TestLists>
    <TestList name="Results Not in a List" id="8c84fa94-04c1-424b-9868-57a2d4851a1d" />
    <TestList name="All Loaded Results" id="19431567-8539-422a-85d7-44ee4e166bda" />
  </TestLists>
  <TestEntries>
    <TestEntry testId="e85dde74-2ee6-fdd9-a05f-d533e9cb09c1" executionId="8eab0efe-bb3d-495e-91be-a639bf1fa0c5" testListId="8c84fa94-04c1-424b-9868-57a2d4851a1d" />
  </TestEntries>
  <Results>
    <UnitTestResult executionId="8eab0efe-bb3d-495e-91be-a639bf1fa0c5" testId="e85dde74-2ee6-fdd9-a05f-d533e9cb09c1" testName="TestMethod1" computerName="E764315094C0B6" duration="00:00:00.0838220" startTime="2014-04-13T15:23:32.5678018-07:00" endTime="2014-04-13T15:23:33.0358286-07:00" testType="13cdc9d9-ddb5-4fa4-a97d-d965ccfc6d4b" outcome="Failed" testListId="8c84fa94-04c1-424b-9868-57a2d4851a1d" relativeResultsDirectory="8eab0efe-bb3d-495e-91be-a639bf1fa0c5">
      <Output>
        <ErrorInfo>
          <Message>Assert.AreEqual failed. Expected:&lt;44&gt;. Actual:&lt;4613732&gt;. </Message>
          <StackTrace>   at EulerProjectTest.Problem2Test.TestMethod1() in C:\Users\elaurpe\Documents\Visual Studio 2010\Projects\MultiplesOf3and5\EulerProjectTest\Problem2Test.cs:line 13
</StackTrace>
        </ErrorInfo>
      </Output>
    </UnitTestResult>
  </Results>
</TestRun>